2018-10-29 00:47:42.473 [main] DEBUG com.yaya.o2o.dao.ShopDao.insertShop -==>  Preparing: INSERT INTO tb_shop(owner_id, area_id, shop_category_id, shop_name, shop_desc, shop_addr, phone, shop_img, priority, create_time, last_edit_time, enable_status, advice) VALUES (?, ?, ?, ?, ?, ?, ?, ?, ?, ?, ?, ?, ?) 
2018-10-29 00:47:42.521 [main] DEBUG com.yaya.o2o.dao.ShopDao.insertShop -==> Parameters: 1(Long), 2(Integer), 1(Long), 测试的店铺1(String), test1(String), test1(String), test1(String), null, null, 2018-10-29 00:47:42.411(Timestamp), 2018-10-29 00:47:42.411(Timestamp), 0(Integer), 审核中...(String)
2018-10-29 00:47:42.528 [main] DEBUG com.yaya.o2o.dao.ShopDao.insertShop -<==    Updates: 1
2018-10-29 00:47:42.682 [main] DEBUG com.yaya.o2o.dao.ShopDao.updateShop -==>  Preparing: UPDATE tb_shop SET shop_name=?, shop_desc=?, shop_addr=?, phone=?, shop_img=?, last_edit_time=?, enable_status=?, advice=?, area_id=?, shop_category_id=? where shop_id=? 
2018-10-29 00:47:42.683 [main] DEBUG com.yaya.o2o.dao.ShopDao.updateShop -==> Parameters: 测试的店铺1(String), test1(String), test1(String), test1(String), /upload/item/shop/4/2018102900474286031.jpeg(String), 2018-10-29 00:47:42.411(Timestamp), 0(Integer), 审核中...(String), 2(Integer), 1(Long), 4(Long)
2018-10-29 00:47:42.691 [main] DEBUG com.yaya.o2o.dao.ShopDao.updateShop -<==    Updates: 1
2018-10-29 00:50:01.079 [main] DEBUG com.yaya.o2o.dao.ShopDao.insertShop -==>  Preparing: INSERT INTO tb_shop(owner_id, area_id, shop_category_id, shop_name, shop_desc, shop_addr, phone, shop_img, priority, create_time, last_edit_time, enable_status, advice) VALUES (?, ?, ?, ?, ?, ?, ?, ?, ?, ?, ?, ?, ?) 
2018-10-29 00:50:01.123 [main] DEBUG com.yaya.o2o.dao.ShopDao.insertShop -==> Parameters: 1(Long), 2(Integer), 1(Long), 测试的店铺1(String), test1(String), test1(String), test1(String), null, null, 2018-10-29 00:50:01.002(Timestamp), 2018-10-29 00:50:01.002(Timestamp), 0(Integer), 审核中...(String)
2018-10-29 00:50:01.125 [main] DEBUG com.yaya.o2o.dao.ShopDao.insertShop -<==    Updates: 1
2018-10-29 00:50:01.266 [main] DEBUG com.yaya.o2o.dao.ShopDao.updateShop -==>  Preparing: UPDATE tb_shop SET shop_name=?, shop_desc=?, shop_addr=?, phone=?, shop_img=?, last_edit_time=?, enable_status=?, advice=?, area_id=?, shop_category_id=? where shop_id=? 
2018-10-29 00:50:01.268 [main] DEBUG com.yaya.o2o.dao.ShopDao.updateShop -==> Parameters: 测试的店铺1(String), test1(String), test1(String), test1(String), /upload/item/shop/5/2018102900500177188.jpeg(String), 2018-10-29 00:50:01.002(Timestamp), 0(Integer), 审核中...(String), 2(Integer), 1(Long), 5(Long)
2018-10-29 00:50:01.268 [main] DEBUG com.yaya.o2o.dao.ShopDao.updateShop -<==    Updates: 1
2018-10-29 00:58:28.790 [main] DEBUG com.yaya.o2o.dao.ShopDao.insertShop -==>  Preparing: INSERT INTO tb_shop(owner_id, area_id, shop_category_id, shop_name, shop_desc, shop_addr, phone, shop_img, priority, create_time, last_edit_time, enable_status, advice) VALUES (?, ?, ?, ?, ?, ?, ?, ?, ?, ?, ?, ?, ?) 
2018-10-29 00:58:28.877 [main] DEBUG com.yaya.o2o.dao.ShopDao.insertShop -==> Parameters: 1(Long), 2(Integer), 1(Long), 测试的店铺1(String), test1(String), test1(String), test1(String), null, null, 2018-10-29 00:58:28.735(Timestamp), 2018-10-29 00:58:28.735(Timestamp), 0(Integer), 审核中...(String)
2018-10-29 00:58:28.880 [main] DEBUG com.yaya.o2o.dao.ShopDao.insertShop -<==    Updates: 1
2018-10-29 00:58:29.119 [main] DEBUG com.yaya.o2o.dao.ShopDao.updateShop -==>  Preparing: UPDATE tb_shop SET shop_name=?, shop_desc=?, shop_addr=?, phone=?, shop_img=?, last_edit_time=?, enable_status=?, advice=?, area_id=?, shop_category_id=? where shop_id=? 
2018-10-29 00:58:29.122 [main] DEBUG com.yaya.o2o.dao.ShopDao.updateShop -==> Parameters: 测试的店铺1(String), test1(String), test1(String), test1(String), /upload/item/shop/6/2018102900582880721.jpeg(String), 2018-10-29 00:58:28.735(Timestamp), 0(Integer), 审核中...(String), 2(Integer), 1(Long), 6(Long)
2018-10-29 00:58:29.123 [main] DEBUG com.yaya.o2o.dao.ShopDao.updateShop -<==    Updates: 1
2018-10-29 01:01:38.673 [main] DEBUG com.yaya.o2o.dao.ShopDao.insertShop -==>  Preparing: INSERT INTO tb_shop(owner_id, area_id, shop_category_id, shop_name, shop_desc, shop_addr, phone, shop_img, priority, create_time, last_edit_time, enable_status, advice) VALUES (?, ?, ?, ?, ?, ?, ?, ?, ?, ?, ?, ?, ?) 
2018-10-29 01:01:38.739 [main] DEBUG com.yaya.o2o.dao.ShopDao.insertShop -==> Parameters: 1(Long), 2(Integer), 1(Long), 测试的店铺1(String), test1(String), test1(String), test1(String), null, null, 2018-10-29 01:01:38.604(Timestamp), 2018-10-29 01:01:38.604(Timestamp), 0(Integer), 审核中...(String)
2018-10-29 01:01:38.742 [main] DEBUG com.yaya.o2o.dao.ShopDao.insertShop -<==    Updates: 1
2018-10-29 01:01:38.897 [main] DEBUG com.yaya.o2o.dao.ShopDao.updateShop -==>  Preparing: UPDATE tb_shop SET shop_name=?, shop_desc=?, shop_addr=?, phone=?, shop_img=?, last_edit_time=?, enable_status=?, advice=?, area_id=?, shop_category_id=? where shop_id=? 
2018-10-29 01:01:38.899 [main] DEBUG com.yaya.o2o.dao.ShopDao.updateShop -==> Parameters: 测试的店铺1(String), test1(String), test1(String), test1(String), /upload/item/shop/7/2018102901013843898.jpeg(String), 2018-10-29 01:01:38.604(Timestamp), 0(Integer), 审核中...(String), 2(Integer), 1(Long), 7(Long)
2018-10-29 01:01:38.901 [main] DEBUG com.yaya.o2o.dao.ShopDao.updateShop -<==    Updates: 1
2018-10-29 01:08:22.173 [main] DEBUG com.yaya.o2o.dao.ShopDao.insertShop -==>  Preparing: INSERT INTO tb_shop(owner_id, area_id, shop_category_id, shop_name, shop_desc, shop_addr, phone, shop_img, priority, create_time, last_edit_time, enable_status, advice) VALUES (?, ?, ?, ?, ?, ?, ?, ?, ?, ?, ?, ?, ?) 
2018-10-29 01:08:22.228 [main] DEBUG com.yaya.o2o.dao.ShopDao.insertShop -==> Parameters: 1(Long), 2(Integer), 1(Long), 测试的店铺1(String), test1(String), test1(String), test1(String), null, null, 2018-10-29 01:08:22.114(Timestamp), 2018-10-29 01:08:22.114(Timestamp), 0(Integer), 审核中...(String)
2018-10-29 01:08:22.229 [main] DEBUG com.yaya.o2o.dao.ShopDao.insertShop -<==    Updates: 1
2018-10-29 01:08:22.343 [main] DEBUG com.yaya.o2o.dao.ShopDao.updateShop -==>  Preparing: UPDATE tb_shop SET shop_name=?, shop_desc=?, shop_addr=?, phone=?, shop_img=?, last_edit_time=?, enable_status=?, advice=?, area_id=?, shop_category_id=? where shop_id=? 
2018-10-29 01:08:22.344 [main] DEBUG com.yaya.o2o.dao.ShopDao.updateShop -==> Parameters: 测试的店铺1(String), test1(String), test1(String), test1(String), /upload/item/shop/8/2018102901082223454.jpeg(String), 2018-10-29 01:08:22.114(Timestamp), 0(Integer), 审核中...(String), 2(Integer), 1(Long), 8(Long)
2018-10-29 01:08:22.344 [main] DEBUG com.yaya.o2o.dao.ShopDao.updateShop -<==    Updates: 1
2018-10-29 01:17:36.907 [main] DEBUG com.yaya.o2o.dao.ShopDao.insertShop -==>  Preparing: INSERT INTO tb_shop(owner_id, area_id, shop_category_id, shop_name, shop_desc, shop_addr, phone, shop_img, priority, create_time, last_edit_time, enable_status, advice) VALUES (?, ?, ?, ?, ?, ?, ?, ?, ?, ?, ?, ?, ?) 
2018-10-29 01:17:36.949 [main] DEBUG com.yaya.o2o.dao.ShopDao.insertShop -==> Parameters: 1(Long), 2(Integer), 1(Long), 测试的店铺1(String), test1(String), test1(String), test1(String), null, null, 2018-10-29 01:17:36.858(Timestamp), 2018-10-29 01:17:36.858(Timestamp), 0(Integer), 审核中...(String)
2018-10-29 01:17:36.951 [main] DEBUG com.yaya.o2o.dao.ShopDao.insertShop -<==    Updates: 1
2018-10-29 01:17:37.069 [main] DEBUG com.yaya.o2o.dao.ShopDao.updateShop -==>  Preparing: UPDATE tb_shop SET shop_name=?, shop_desc=?, shop_addr=?, phone=?, shop_img=?, last_edit_time=?, enable_status=?, advice=?, area_id=?, shop_category_id=? where shop_id=? 
2018-10-29 01:17:37.070 [main] DEBUG com.yaya.o2o.dao.ShopDao.updateShop -==> Parameters: 测试的店铺1(String), test1(String), test1(String), test1(String), /upload/item/shop/9/2018102901173633623.jpeg(String), 2018-10-29 01:17:36.858(Timestamp), 0(Integer), 审核中...(String), 2(Integer), 1(Long), 9(Long)
2018-10-29 01:17:37.070 [main] DEBUG com.yaya.o2o.dao.ShopDao.updateShop -<==    Updates: 1
2018-10-29 01:18:33.343 [main] DEBUG com.yaya.o2o.dao.ShopDao.insertShop -==>  Preparing: INSERT INTO tb_shop(owner_id, area_id, shop_category_id, shop_name, shop_desc, shop_addr, phone, shop_img, priority, create_time, last_edit_time, enable_status, advice) VALUES (?, ?, ?, ?, ?, ?, ?, ?, ?, ?, ?, ?, ?) 
2018-10-29 01:18:33.393 [main] DEBUG com.yaya.o2o.dao.ShopDao.insertShop -==> Parameters: 1(Long), 2(Integer), 1(Long), 测试的店铺1(String), test1(String), test1(String), test1(String), null, null, 2018-10-29 01:18:33.287(Timestamp), 2018-10-29 01:18:33.287(Timestamp), 0(Integer), 审核中...(String)
2018-10-29 01:18:33.395 [main] DEBUG com.yaya.o2o.dao.ShopDao.insertShop -<==    Updates: 1
2018-10-29 01:18:33.652 [main] DEBUG com.yaya.o2o.dao.ShopDao.updateShop -==>  Preparing: UPDATE tb_shop SET shop_name=?, shop_desc=?, shop_addr=?, phone=?, shop_img=?, last_edit_time=?, enable_status=?, advice=?, area_id=?, shop_category_id=? where shop_id=? 
2018-10-29 01:18:33.653 [main] DEBUG com.yaya.o2o.dao.ShopDao.updateShop -==> Parameters: 测试的店铺1(String), test1(String), test1(String), test1(String), /upload/item/shop/10/2018102901183318061.jpeg(String), 2018-10-29 01:18:33.287(Timestamp), 0(Integer), 审核中...(String), 2(Integer), 1(Long), 10(Long)
2018-10-29 01:18:33.654 [main] DEBUG com.yaya.o2o.dao.ShopDao.updateShop -<==    Updates: 1
2018-10-29 01:48:34.585 [main] DEBUG com.yaya.o2o.dao.ShopDao.insertShop -==>  Preparing: INSERT INTO tb_shop(owner_id, area_id, shop_category_id, shop_name, shop_desc, shop_addr, phone, shop_img, priority, create_time, last_edit_time, enable_status, advice) VALUES (?, ?, ?, ?, ?, ?, ?, ?, ?, ?, ?, ?, ?) 
2018-10-29 01:48:34.633 [main] DEBUG com.yaya.o2o.dao.ShopDao.insertShop -==> Parameters: 1(Long), 2(Integer), 1(Long), 测试的店铺1(String), test1(String), test1(String), test1(String), null, null, 2018-10-29 01:48:34.513(Timestamp), 2018-10-29 01:48:34.513(Timestamp), 0(Integer), 审核中...(String)
2018-10-29 01:48:34.635 [main] DEBUG com.yaya.o2o.dao.ShopDao.insertShop -<==    Updates: 1
2018-10-29 01:48:34.751 [main] DEBUG com.yaya.o2o.dao.ShopDao.updateShop -==>  Preparing: UPDATE tb_shop SET shop_name=?, shop_desc=?, shop_addr=?, phone=?, shop_img=?, last_edit_time=?, enable_status=?, advice=?, area_id=?, shop_category_id=? where shop_id=? 
2018-10-29 01:48:34.752 [main] DEBUG com.yaya.o2o.dao.ShopDao.updateShop -==> Parameters: 测试的店铺1(String), test1(String), test1(String), test1(String), /upload/item/shop/11/2018102901483421330.jpeg(String), 2018-10-29 01:48:34.513(Timestamp), 0(Integer), 审核中...(String), 2(Integer), 1(Long), 11(Long)
2018-10-29 01:48:34.753 [main] DEBUG com.yaya.o2o.dao.ShopDao.updateShop -<==    Updates: 1
2018-10-29 02:04:15.874 [main] DEBUG com.yaya.o2o.dao.ShopDao.insertShop -==>  Preparing: INSERT INTO tb_shop(owner_id, area_id, shop_category_id, shop_name, shop_desc, shop_addr, phone, shop_img, priority, create_time, last_edit_time, enable_status, advice) VALUES (?, ?, ?, ?, ?, ?, ?, ?, ?, ?, ?, ?, ?) 
2018-10-29 02:04:15.926 [main] DEBUG com.yaya.o2o.dao.ShopDao.insertShop -==> Parameters: 1(Long), 2(Integer), 1(Long), 测试的店铺1(String), test1(String), test1(String), test1(String), null, null, 2018-10-29 02:04:15.774(Timestamp), 2018-10-29 02:04:15.774(Timestamp), 0(Integer), 审核中...(String)
2018-10-29 02:04:15.928 [main] DEBUG com.yaya.o2o.dao.ShopDao.insertShop -<==    Updates: 1
2018-10-29 02:04:16.193 [main] DEBUG com.yaya.o2o.dao.ShopDao.updateShop -==>  Preparing: UPDATE tb_shop SET shop_name=?, shop_desc=?, shop_addr=?, phone=?, shop_img=?, last_edit_time=?, enable_status=?, advice=?, area_id=?, shop_category_id=? where shop_id=? 
2018-10-29 02:04:16.194 [main] DEBUG com.yaya.o2o.dao.ShopDao.updateShop -==> Parameters: 测试的店铺1(String), test1(String), test1(String), test1(String), /upload/item/shop/12/2018102902041517075.jpeg(String), 2018-10-29 02:04:15.774(Timestamp), 0(Integer), 审核中...(String), 2(Integer), 1(Long), 12(Long)
2018-10-29 02:04:16.195 [main] DEBUG com.yaya.o2o.dao.ShopDao.updateShop -<==    Updates: 1
2018-10-29 02:04:50.585 [main] DEBUG com.yaya.o2o.dao.ShopDao.insertShop -==>  Preparing: INSERT INTO tb_shop(owner_id, area_id, shop_category_id, shop_name, shop_desc, shop_addr, phone, shop_img, priority, create_time, last_edit_time, enable_status, advice) VALUES (?, ?, ?, ?, ?, ?, ?, ?, ?, ?, ?, ?, ?) 
2018-10-29 02:04:50.638 [main] DEBUG com.yaya.o2o.dao.ShopDao.insertShop -==> Parameters: 1(Long), 2(Integer), 1(Long), 测试的店铺1(String), test1(String), test1(String), test1(String), null, null, 2018-10-29 02:04:50.515(Timestamp), 2018-10-29 02:04:50.515(Timestamp), 0(Integer), 审核中...(String)
2018-10-29 02:04:50.640 [main] DEBUG com.yaya.o2o.dao.ShopDao.insertShop -<==    Updates: 1
2018-10-29 02:04:50.916 [main] DEBUG com.yaya.o2o.dao.ShopDao.updateShop -==>  Preparing: UPDATE tb_shop SET shop_name=?, shop_desc=?, shop_addr=?, phone=?, shop_img=?, last_edit_time=?, enable_status=?, advice=?, area_id=?, shop_category_id=? where shop_id=? 
2018-10-29 02:04:50.918 [main] DEBUG com.yaya.o2o.dao.ShopDao.updateShop -==> Parameters: 测试的店铺1(String), test1(String), test1(String), test1(String), /upload/item/shop/13/2018102902045092077.jpeg(String), 2018-10-29 02:04:50.515(Timestamp), 0(Integer), 审核中...(String), 2(Integer), 1(Long), 13(Long)
2018-10-29 02:04:50.919 [main] DEBUG com.yaya.o2o.dao.ShopDao.updateShop -<==    Updates: 1
